{"level":"info","message":"Nuevo registro: carlos.manuel@gmail.com","timestamp":"2025-12-10 06:25:39"}
{"level":"info","message":"Login exitoso: usuario carlos.manuel@gmail.com","timestamp":"2025-12-10 06:26:04"}
{"level":"info","message":"Validación de sesión: carlos.manuel@gmail.com","timestamp":"2025-12-10 06:26:05"}
{"level":"info","message":"Validación de sesión: carlos.manuel@gmail.com","timestamp":"2025-12-10 06:26:05"}
{"level":"info","message":"Consulta de usuario: carlos.manuel@gmail.com","timestamp":"2025-12-10 06:28:15"}
{"level":"info","message":"Validación de sesión: carlos.manuel@gmail.com","timestamp":"2025-12-10 06:28:15"}
{"level":"info","message":"Login exitoso: usuario carlos.manuel@gmail.com","timestamp":"2025-12-10 06:34:54"}
{"level":"info","message":"Validación de sesión: carlos.manuel@gmail.com","timestamp":"2025-12-10 06:34:54"}
{"level":"info","message":"Validación de sesión: carlos.manuel@gmail.com","timestamp":"2025-12-10 06:34:54"}
{"level":"info","message":"Consulta de usuario: carlos.manuel@gmail.com","timestamp":"2025-12-10 06:35:35"}
{"level":"info","message":"Validación de sesión: carlos.manuel@gmail.com","timestamp":"2025-12-10 06:35:36"}
{"level":"info","message":"Consulta de usuario: carlos.manuel@gmail.com","timestamp":"2025-12-10 06:36:52"}
{"level":"info","message":"Consulta de usuario: carlos.manuel@gmail.com","timestamp":"2025-12-10 06:36:54"}
{"level":"warn","message":"Intento de login con correo inexistente: carlos.mauel@gmail.com","timestamp":"2025-12-10 06:37:18"}
{"level":"info","message":"Login exitoso: usuario carlos.manuel@gmail.com","timestamp":"2025-12-10 06:37:24"}
{"level":"info","message":"Validación de sesión: carlos.manuel@gmail.com","timestamp":"2025-12-10 06:37:24"}
{"level":"info","message":"Validación de sesión: carlos.manuel@gmail.com","timestamp":"2025-12-10 06:37:24"}
{"level":"info","message":"Login exitoso: usuario carlos.manuel@gmail.com","timestamp":"2025-12-10 06:42:54"}
{"level":"info","message":"Validación de sesión: carlos.manuel@gmail.com","timestamp":"2025-12-10 06:42:54"}
{"level":"info","message":"Validación de sesión: carlos.manuel@gmail.com","timestamp":"2025-12-10 06:42:54"}
{"level":"info","message":"Validación de sesión: carlos.manuel@gmail.com","timestamp":"2025-12-10 06:44:52"}
{"level":"info","message":"Consulta de usuario: carlos.manuel@gmail.com","timestamp":"2025-12-10 06:44:52"}
{"level":"info","message":"Validación de sesión: carlos.manuel@gmail.com","timestamp":"2025-12-10 06:59:25"}
{"level":"info","message":"Consulta de usuario: carlos.manuel@gmail.com","timestamp":"2025-12-10 06:59:25"}
{"level":"info","message":"Validación de sesión: carlos.manuel@gmail.com","timestamp":"2025-12-10 07:04:03"}
{"level":"info","message":"Consulta de usuario: carlos.manuel@gmail.com","timestamp":"2025-12-10 07:04:03"}
{"level":"warn","message":"Contraseña incorrecta para: carlos.manuel@gmail.com","timestamp":"2025-12-10 07:04:52"}
{"level":"info","message":"Login exitoso: usuario carlos.manuel@gmail.com","timestamp":"2025-12-10 07:04:59"}
{"level":"info","message":"Validación de sesión: carlos.manuel@gmail.com","timestamp":"2025-12-10 07:04:59"}
{"level":"info","message":"Validación de sesión: carlos.manuel@gmail.com","timestamp":"2025-12-10 07:04:59"}
{"level":"info","message":"Validación de sesión: carlos.manuel@gmail.com","timestamp":"2025-12-10 07:06:59"}
{"level":"info","message":"Consulta de usuario exitosa: carlos.manuel@gmail.com","timestamp":"2025-12-10 07:06:59"}
{"level":"info","message":"Consulta de usuario exitosa: carlos.manuel@gmail.com","timestamp":"2025-12-10 07:07:59"}
{"level":"info","message":"Sesión validada correctamente: carlos.manuel@gmail.com","timestamp":"2025-12-10 07:08:00"}
{"level":"info","message":"Consulta de usuario exitosa: carlos.manuel@gmail.com","timestamp":"2025-12-10 07:09:47"}
{"level":"info","message":"Sesión validada correctamente: carlos.manuel@gmail.com","timestamp":"2025-12-10 07:09:48"}
{"level":"info","message":"Consulta de usuario exitosa: carlos.manuel@gmail.com","timestamp":"2025-12-10 07:12:05"}
{"level":"info","message":"Sesión validada correctamente: carlos.manuel@gmail.com","timestamp":"2025-12-10 07:12:06"}
{"level":"warn","message":"Intento de acceso con token inválido o expirado","timestamp":"2025-12-10 07:20:33"}
{"level":"warn","message":"Token inválido o expirado: invalid signature","timestamp":"2025-12-10 07:20:34"}
{"level":"warn","message":"Intento de acceso con token inválido o expirado","timestamp":"2025-12-10 07:20:36"}
{"level":"info","message":"Login exitoso: usuario carlos.manuel@gmail.com","timestamp":"2025-12-10 07:20:52"}
{"level":"info","message":"Sesión validada correctamente: carlos.manuel@gmail.com","timestamp":"2025-12-10 07:20:52"}
{"level":"info","message":"Sesión validada correctamente: carlos.manuel@gmail.com","timestamp":"2025-12-10 07:20:53"}
{"level":"error","message":"Error en api/me: \nInvalid `__TURBOPACK__imported__module__$5b$project$5d2f$src$2f$lib$2f$prisma$2e$js__$5b$app$2d$route$5d$__$28$ecmascript$29$__[\"default\"].usuario.findUnique()` invocation in\nD:\\Ccarlos20\\Universidad\\8) Ciclo VII\\1) Ingeniería de Software Seguro\\13) Semana 16\\proyectof\\.next\\dev\\server\\chunks\\[root-of-the-server]__1b8eb45b._.js:252:169\n\n  249     });\n  250 }\n  251 // -------------------- Buscar usuario en la base de datos --------------------\n→ 252 const usuario = await __TURBOPACK__imported__module__$5b$project$5d2f$src$2f$lib$2f$prisma$2e$js__$5b$app$2d$route$5d$__$28$ecmascript$29$__[\"default\"].usuario.findUnique(\nCan't reach database server at `ep-restless-salad-a481knnn-pooler.us-east-1.aws.neon.tech:5432`\n\nPlease make sure your database server is running at `ep-restless-salad-a481knnn-pooler.us-east-1.aws.neon.tech:5432`.","timestamp":"2025-12-10 07:32:37"}
{"level":"error","message":"Error en api/session: \nInvalid `__TURBOPACK__imported__module__$5b$project$5d2f$src$2f$lib$2f$prisma$2e$js__$5b$app$2d$route$5d$__$28$ecmascript$29$__[\"default\"].usuario.findUnique()` invocation in\nD:\\Ccarlos20\\Universidad\\8) Ciclo VII\\1) Ingeniería de Software Seguro\\13) Semana 16\\proyectof\\.next\\dev\\server\\chunks\\[root-of-the-server]__40cc9b18._.js:253:169\n\n  250     });\n  251 }\n  252 // -------------------- Buscar usuario en la base de datos --------------------\n→ 253 const usuario = await __TURBOPACK__imported__module__$5b$project$5d2f$src$2f$lib$2f$prisma$2e$js__$5b$app$2d$route$5d$__$28$ecmascript$29$__[\"default\"].usuario.findUnique(\nCan't reach database server at `ep-restless-salad-a481knnn-pooler.us-east-1.aws.neon.tech:5432`\n\nPlease make sure your database server is running at `ep-restless-salad-a481knnn-pooler.us-east-1.aws.neon.tech:5432`.","timestamp":"2025-12-10 07:32:37"}
{"level":"error","message":"Error en api/me: \nInvalid `__TURBOPACK__imported__module__$5b$project$5d2f$src$2f$lib$2f$prisma$2e$js__$5b$app$2d$route$5d$__$28$ecmascript$29$__[\"default\"].usuario.findUnique()` invocation in\nD:\\Ccarlos20\\Universidad\\8) Ciclo VII\\1) Ingeniería de Software Seguro\\13) Semana 16\\proyectof\\.next\\dev\\server\\chunks\\[root-of-the-server]__1b8eb45b._.js:252:169\n\n  249     });\n  250 }\n  251 // -------------------- Buscar usuario en la base de datos --------------------\n→ 252 const usuario = await __TURBOPACK__imported__module__$5b$project$5d2f$src$2f$lib$2f$prisma$2e$js__$5b$app$2d$route$5d$__$28$ecmascript$29$__[\"default\"].usuario.findUnique(\nCan't reach database server at `ep-restless-salad-a481knnn-pooler.us-east-1.aws.neon.tech:5432`\n\nPlease make sure your database server is running at `ep-restless-salad-a481knnn-pooler.us-east-1.aws.neon.tech:5432`.","timestamp":"2025-12-10 07:32:40"}
{"level":"error","message":"Error en login: \nInvalid `__TURBOPACK__imported__module__$5b$project$5d2f$src$2f$lib$2f$prisma$2e$js__$5b$app$2d$route$5d$__$28$ecmascript$29$__[\"default\"].usuario.findUnique()` invocation in\nD:\\Ccarlos20\\Universidad\\8) Ciclo VII\\1) Ingeniería de Software Seguro\\13) Semana 16\\proyectof\\.next\\dev\\server\\chunks\\[root-of-the-server]__1f933154._.js:247:169\n\n  244 // Validación con Zod\n  245 const data = schema.parse(body);\n  246 // Buscar usuario por correo\n→ 247 const usuario = await __TURBOPACK__imported__module__$5b$project$5d2f$src$2f$lib$2f$prisma$2e$js__$5b$app$2d$route$5d$__$28$ecmascript$29$__[\"default\"].usuario.findUnique(\nCan't reach database server at `ep-restless-salad-a481knnn-pooler.us-east-1.aws.neon.tech:5432`\n\nPlease make sure your database server is running at `ep-restless-salad-a481knnn-pooler.us-east-1.aws.neon.tech:5432`.","timestamp":"2025-12-10 07:32:58"}
{"level":"error","message":"Error en login: \nInvalid `__TURBOPACK__imported__module__$5b$project$5d2f$src$2f$lib$2f$prisma$2e$js__$5b$app$2d$route$5d$__$28$ecmascript$29$__[\"default\"].usuario.findUnique()` invocation in\nD:\\Ccarlos20\\Universidad\\8) Ciclo VII\\1) Ingeniería de Software Seguro\\13) Semana 16\\proyectof\\.next\\dev\\server\\chunks\\[root-of-the-server]__1f933154._.js:247:169\n\n  244 // Validación con Zod\n  245 const data = schema.parse(body);\n  246 // Buscar usuario por correo\n→ 247 const usuario = await __TURBOPACK__imported__module__$5b$project$5d2f$src$2f$lib$2f$prisma$2e$js__$5b$app$2d$route$5d$__$28$ecmascript$29$__[\"default\"].usuario.findUnique(\nCan't reach database server at `ep-restless-salad-a481knnn-pooler.us-east-1.aws.neon.tech:5432`\n\nPlease make sure your database server is running at `ep-restless-salad-a481knnn-pooler.us-east-1.aws.neon.tech:5432`.","timestamp":"2025-12-10 07:33:44"}
{"level":"error","message":"Error en login: \nInvalid `__TURBOPACK__imported__module__$5b$project$5d2f$src$2f$lib$2f$prisma$2e$js__$5b$app$2d$route$5d$__$28$ecmascript$29$__[\"default\"].usuario.findUnique()` invocation in\nD:\\Ccarlos20\\Universidad\\8) Ciclo VII\\1) Ingeniería de Software Seguro\\13) Semana 16\\proyectof\\.next\\dev\\server\\chunks\\[root-of-the-server]__1f933154._.js:247:169\n\n  244 // Validación con Zod\n  245 const data = schema.parse(body);\n  246 // Buscar usuario por correo\n→ 247 const usuario = await __TURBOPACK__imported__module__$5b$project$5d2f$src$2f$lib$2f$prisma$2e$js__$5b$app$2d$route$5d$__$28$ecmascript$29$__[\"default\"].usuario.findUnique(\nCan't reach database server at `ep-restless-salad-a481knnn-pooler.us-east-1.aws.neon.tech:5432`\n\nPlease make sure your database server is running at `ep-restless-salad-a481knnn-pooler.us-east-1.aws.neon.tech:5432`.","timestamp":"2025-12-10 07:34:08"}
{"level":"error","message":"Error en api/me: \nInvalid `__TURBOPACK__imported__module__$5b$project$5d2f$src$2f$lib$2f$prisma$2e$js__$5b$app$2d$route$5d$__$28$ecmascript$29$__[\"default\"].usuario.findUnique()` invocation in\nD:\\Ccarlos20\\Universidad\\8) Ciclo VII\\1) Ingeniería de Software Seguro\\13) Semana 16\\proyectof\\.next\\dev\\server\\chunks\\[root-of-the-server]__1b8eb45b._.js:252:169\n\n  249     });\n  250 }\n  251 // -------------------- Buscar usuario en la base de datos --------------------\n→ 252 const usuario = await __TURBOPACK__imported__module__$5b$project$5d2f$src$2f$lib$2f$prisma$2e$js__$5b$app$2d$route$5d$__$28$ecmascript$29$__[\"default\"].usuario.findUnique(\nCan't reach database server at `ep-restless-salad-a481knnn-pooler.us-east-1.aws.neon.tech:5432`\n\nPlease make sure your database server is running at `ep-restless-salad-a481knnn-pooler.us-east-1.aws.neon.tech:5432`.","timestamp":"2025-12-10 07:34:12"}
{"level":"warn","message":"Intento de acceso con token inválido o expirado","timestamp":"2025-12-10 19:15:56"}
{"level":"warn","message":"Intento de acceso con token inválido o expirado","timestamp":"2025-12-10 19:15:57"}
{"level":"info","message":"Login exitoso: usuario carlos.manuel@gmail.com","timestamp":"2025-12-10 19:16:36"}
{"level":"info","message":"Sesión validada correctamente: carlos.manuel@gmail.com","timestamp":"2025-12-10 19:16:37"}
{"level":"info","message":"Sesión validada correctamente: carlos.manuel@gmail.com","timestamp":"2025-12-10 19:16:37"}
{"level":"info","message":"Nuevo registro: carlos2@gmail.com","timestamp":"2025-12-10 19:19:00"}
{"level":"info","message":"Login exitoso: usuario carlos2@gmail.com","timestamp":"2025-12-10 19:19:13"}
{"level":"info","message":"Sesión validada correctamente: carlos2@gmail.com","timestamp":"2025-12-10 19:19:13"}
{"level":"info","message":"Sesión validada correctamente: carlos2@gmail.com","timestamp":"2025-12-10 19:19:13"}
{"level":"info","message":"Login exitoso: usuario carlos2@gmail.com","timestamp":"2025-12-10 19:25:52"}
{"level":"info","message":"Sesión validada correctamente: carlos2@gmail.com","timestamp":"2025-12-10 19:25:52"}
{"level":"info","message":"Sesión validada correctamente: carlos2@gmail.com","timestamp":"2025-12-10 19:25:52"}
{"level":"info","message":"Sesión validada correctamente: carlos2@gmail.com","timestamp":"2025-12-10 19:30:30"}
{"level":"info","message":"Login exitoso: usuario carlos2@gmail.com","timestamp":"2025-12-10 19:30:49"}
{"level":"info","message":"Sesión validada correctamente: carlos2@gmail.com","timestamp":"2025-12-10 19:30:49"}
{"level":"info","message":"Sesión validada correctamente: carlos2@gmail.com","timestamp":"2025-12-10 19:30:49"}
{"level":"info","message":"Login exitoso: usuario carlos2@gmail.com","timestamp":"2025-12-10 19:32:03"}
{"level":"info","message":"Sesión validada correctamente: carlos2@gmail.com","timestamp":"2025-12-10 19:32:03"}
{"level":"info","message":"Sesión validada correctamente: carlos2@gmail.com","timestamp":"2025-12-10 19:32:04"}
{"level":"info","message":"Login exitoso: usuario carlos2@gmail.com","timestamp":"2025-12-10 19:35:58"}
{"level":"info","message":"Sesión validada correctamente: carlos2@gmail.com","timestamp":"2025-12-10 19:35:58"}
{"level":"info","message":"Sesión validada correctamente: carlos2@gmail.com","timestamp":"2025-12-10 19:35:58"}
{"level":"info","message":"Login exitoso: usuario carlos2@gmail.com","timestamp":"2025-12-10 19:39:26"}
{"level":"info","message":"Sesión validada correctamente: carlos2@gmail.com","timestamp":"2025-12-10 19:39:26"}
{"level":"info","message":"Sesión validada correctamente: carlos2@gmail.com","timestamp":"2025-12-10 19:39:27"}
{"level":"info","message":"Sesión validada correctamente: carlos2@gmail.com","timestamp":"2025-12-10 19:39:55"}
{"level":"info","message":"Consulta de usuario exitosa: carlos2@gmail.com","timestamp":"2025-12-10 19:39:56"}
{"level":"info","message":"Solicitudes listadas correctamente.","timestamp":"2025-12-10 19:39:56"}
{"level":"info","message":"Login exitoso: usuario carlos2@gmail.com","timestamp":"2025-12-10 19:40:12"}
{"level":"info","message":"Sesión validada correctamente: carlos2@gmail.com","timestamp":"2025-12-10 19:40:12"}
{"level":"info","message":"Sesión validada correctamente: carlos2@gmail.com","timestamp":"2025-12-10 19:40:12"}
{"level":"info","message":"Solicitudes listadas correctamente.","timestamp":"2025-12-10 19:40:12"}
{"level":"info","message":"Solicitud creada por el usuario 2","timestamp":"2025-12-10 19:40:46"}
{"level":"info","message":"Solicitudes listadas correctamente.","timestamp":"2025-12-10 19:40:47"}
{"level":"info","message":"Sesión validada correctamente: carlos2@gmail.com","timestamp":"2025-12-10 19:42:01"}
{"level":"info","message":"Consulta de usuario exitosa: carlos2@gmail.com","timestamp":"2025-12-10 19:42:01"}
{"level":"info","message":"Solicitudes listadas correctamente.","timestamp":"2025-12-10 19:42:01"}
{"level":"info","message":"Consulta de usuario exitosa: carlos2@gmail.com","timestamp":"2025-12-10 19:45:18"}
{"level":"info","message":"Consulta de usuario exitosa: carlos2@gmail.com","timestamp":"2025-12-10 19:45:19"}
{"level":"info","message":"Login exitoso: usuario carlos.manuel@gmail.com","timestamp":"2025-12-10 19:45:36"}
{"level":"info","message":"Sesión validada correctamente: carlos.manuel@gmail.com","timestamp":"2025-12-10 19:45:37"}
{"level":"info","message":"Sesión validada correctamente: carlos.manuel@gmail.com","timestamp":"2025-12-10 19:45:37"}
{"level":"info","message":"Solicitudes listadas correctamente.","timestamp":"2025-12-10 19:45:37"}
{"level":"info","message":"Consulta de usuario exitosa: carlos.manuel@gmail.com","timestamp":"2025-12-10 19:45:41"}
{"level":"info","message":"Consulta de usuario exitosa: carlos.manuel@gmail.com","timestamp":"2025-12-10 19:45:43"}
{"level":"info","message":"Consulta de usuario exitosa: carlos.manuel@gmail.com","timestamp":"2025-12-10 19:49:06"}
{"level":"info","message":"Login exitoso: usuario carlos2@gmail.com","timestamp":"2025-12-10 19:49:16"}
{"level":"info","message":"Sesión validada correctamente: carlos2@gmail.com","timestamp":"2025-12-10 19:49:17"}
{"level":"info","message":"Sesión validada correctamente: carlos2@gmail.com","timestamp":"2025-12-10 19:49:17"}
{"level":"info","message":"Solicitudes listadas correctamente.","timestamp":"2025-12-10 19:49:17"}
{"level":"info","message":"Consulta de usuario exitosa: carlos2@gmail.com","timestamp":"2025-12-10 19:49:26"}
{"level":"info","message":"Consulta de usuario exitosa: carlos2@gmail.com","timestamp":"2025-12-10 19:49:28"}
{"level":"info","message":"Login exitoso: usuario carlos2@gmail.com","timestamp":"2025-12-10 19:53:29"}
{"level":"info","message":"Sesión validada correctamente: carlos2@gmail.com","timestamp":"2025-12-10 19:53:29"}
{"level":"info","message":"Sesión validada correctamente: carlos2@gmail.com","timestamp":"2025-12-10 19:53:29"}
{"level":"info","message":"Solicitudes listadas correctamente.","timestamp":"2025-12-10 19:53:30"}
{"level":"info","message":"Consulta de usuario exitosa: carlos2@gmail.com","timestamp":"2025-12-10 19:53:34"}
{"level":"info","message":"Sesión validada correctamente: carlos2@gmail.com","timestamp":"2025-12-10 19:53:39"}
{"level":"info","message":"Solicitudes listadas correctamente.","timestamp":"2025-12-10 19:53:40"}
{"level":"info","message":"Consulta de usuario exitosa: carlos2@gmail.com","timestamp":"2025-12-10 19:53:40"}
{"level":"info","message":"Sesión validada correctamente: carlos2@gmail.com","timestamp":"2025-12-10 19:59:25"}
{"level":"info","message":"Solicitudes listadas correctamente.","timestamp":"2025-12-10 19:59:26"}
{"level":"info","message":"Login exitoso: usuario carlos.manuel@gmail.com","timestamp":"2025-12-10 20:01:12"}
{"level":"info","message":"Sesión validada correctamente: carlos2@gmail.com","timestamp":"2025-12-10 20:01:12"}
{"level":"info","message":"Sesión validada correctamente: carlos2@gmail.com","timestamp":"2025-12-10 20:01:12"}
{"level":"info","message":"Solicitudes listadas correctamente.","timestamp":"2025-12-10 20:01:12"}
{"level":"info","message":"Sesión validada correctamente: carlos2@gmail.com","timestamp":"2025-12-10 20:02:00"}
{"level":"info","message":"Solicitudes listadas correctamente.","timestamp":"2025-12-10 20:02:00"}
{"level":"info","message":"Sesión validada correctamente: carlos2@gmail.com","timestamp":"2025-12-10 20:04:39"}
{"level":"info","message":"Solicitudes listadas correctamente.","timestamp":"2025-12-10 20:04:39"}
{"level":"info","message":"Login exitoso: usuario carlos2@gmail.com","timestamp":"2025-12-10 20:05:11"}
{"level":"info","message":"Sesión validada correctamente: carlos2@gmail.com","timestamp":"2025-12-10 20:05:11"}
{"level":"info","message":"Sesión validada correctamente: carlos2@gmail.com","timestamp":"2025-12-10 20:05:11"}
{"level":"info","message":"Solicitudes listadas correctamente.","timestamp":"2025-12-10 20:05:12"}
{"level":"info","message":"Consulta de usuario exitosa: carlos2@gmail.com","timestamp":"2025-12-10 20:06:29"}
{"level":"info","message":"Consulta de usuario exitosa: carlos2@gmail.com","timestamp":"2025-12-10 20:06:41"}
{"level":"info","message":"Sesión validada correctamente: carlos2@gmail.com","timestamp":"2025-12-10 20:06:42"}
{"level":"info","message":"Solicitudes listadas correctamente.","timestamp":"2025-12-10 20:06:43"}
{"level":"info","message":"Sesión validada correctamente: carlos2@gmail.com","timestamp":"2025-12-10 20:07:00"}
{"level":"info","message":"Consulta de usuario exitosa: carlos2@gmail.com","timestamp":"2025-12-10 20:07:00"}
{"level":"info","message":"Solicitudes listadas correctamente.","timestamp":"2025-12-10 20:07:00"}
{"level":"info","message":"Login exitoso: usuario carlos2@gmail.com","timestamp":"2025-12-10 20:07:15"}
{"level":"info","message":"Sesión validada correctamente: carlos2@gmail.com","timestamp":"2025-12-10 20:07:15"}
{"level":"info","message":"Sesión validada correctamente: carlos2@gmail.com","timestamp":"2025-12-10 20:07:15"}
{"level":"info","message":"Solicitudes listadas correctamente.","timestamp":"2025-12-10 20:07:15"}
{"level":"info","message":"Sesión validada correctamente: carlos2@gmail.com","timestamp":"2025-12-10 20:07:52"}
{"level":"info","message":"Consulta de usuario exitosa: carlos2@gmail.com","timestamp":"2025-12-10 20:07:52"}
{"level":"info","message":"Solicitudes listadas correctamente.","timestamp":"2025-12-10 20:07:52"}
{"level":"info","message":"Consulta de usuario exitosa: carlos2@gmail.com","timestamp":"2025-12-10 20:07:57"}
{"level":"info","message":"Sesión validada correctamente: carlos2@gmail.com","timestamp":"2025-12-10 20:07:57"}
{"level":"info","message":"Solicitudes listadas correctamente.","timestamp":"2025-12-10 20:07:58"}
{"level":"info","message":"Sesión validada correctamente: carlos2@gmail.com","timestamp":"2025-12-10 20:09:36"}
{"level":"info","message":"Solicitudes listadas correctamente.","timestamp":"2025-12-10 20:09:36"}
{"level":"info","message":"Sesión validada correctamente: carlos2@gmail.com","timestamp":"2025-12-10 20:11:02"}
{"level":"info","message":"Solicitudes listadas correctamente.","timestamp":"2025-12-10 20:11:03"}
{"level":"info","message":"Sesión validada correctamente: carlos2@gmail.com","timestamp":"2025-12-10 20:14:44"}
{"level":"info","message":"Solicitudes listadas correctamente.","timestamp":"2025-12-10 20:14:44"}
{"level":"info","message":"Sesión validada correctamente: carlos2@gmail.com","timestamp":"2025-12-10 20:15:04"}
{"level":"info","message":"Solicitudes listadas correctamente.","timestamp":"2025-12-10 20:15:04"}
{"level":"info","message":"Login exitoso: usuario carlos2@gmail.com","timestamp":"2025-12-10 20:18:45"}
{"level":"info","message":"Sesión validada correctamente: carlos2@gmail.com","timestamp":"2025-12-10 20:18:45"}
{"level":"info","message":"Sesión validada correctamente: carlos2@gmail.com","timestamp":"2025-12-10 20:18:45"}
{"level":"info","message":"Solicitudes listadas correctamente.","timestamp":"2025-12-10 20:18:46"}
{"level":"info","message":"Sesión validada correctamente: carlos2@gmail.com","timestamp":"2025-12-10 20:19:31"}
{"level":"info","message":"Solicitudes listadas correctamente.","timestamp":"2025-12-10 20:19:31"}
{"level":"info","message":"Sesión validada correctamente: carlos2@gmail.com","timestamp":"2025-12-10 20:21:55"}
{"level":"info","message":"Solicitudes listadas correctamente.","timestamp":"2025-12-10 20:21:55"}
{"level":"info","message":"Login exitoso: usuario carlos2@gmail.com","timestamp":"2025-12-10 20:24:06"}
{"level":"info","message":"Sesión validada correctamente: carlos2@gmail.com","timestamp":"2025-12-10 20:24:06"}
{"level":"info","message":"Sesión validada correctamente: carlos2@gmail.com","timestamp":"2025-12-10 20:24:06"}
{"level":"info","message":"Solicitudes listadas correctamente.","timestamp":"2025-12-10 20:24:07"}
{"level":"info","message":"Sesión validada correctamente: carlos2@gmail.com","timestamp":"2025-12-10 20:24:39"}
{"level":"info","message":"Sesión validada correctamente: carlos2@gmail.com","timestamp":"2025-12-10 20:24:39"}
{"level":"info","message":"Solicitudes listadas correctamente.","timestamp":"2025-12-10 20:24:39"}
{"level":"info","message":"Sesión validada correctamente: carlos2@gmail.com","timestamp":"2025-12-10 20:25:39"}
{"level":"info","message":"Solicitudes listadas correctamente.","timestamp":"2025-12-10 20:25:40"}
{"level":"info","message":"Login exitoso: usuario carlos2@gmail.com","timestamp":"2025-12-10 20:25:50"}
{"level":"info","message":"Sesión validada correctamente: carlos2@gmail.com","timestamp":"2025-12-10 20:25:50"}
{"level":"info","message":"Sesión validada correctamente: carlos2@gmail.com","timestamp":"2025-12-10 20:25:50"}
{"level":"info","message":"Solicitudes listadas correctamente.","timestamp":"2025-12-10 20:25:50"}
{"level":"info","message":"Sesión validada correctamente: carlos2@gmail.com","timestamp":"2025-12-10 20:27:30"}
{"level":"info","message":"Solicitudes listadas correctamente.","timestamp":"2025-12-10 20:27:31"}
{"level":"info","message":"Sesión validada correctamente: carlos2@gmail.com","timestamp":"2025-12-10 20:28:48"}
{"level":"info","message":"Solicitudes listadas correctamente.","timestamp":"2025-12-10 20:28:49"}
{"level":"info","message":"Sesión validada correctamente: carlos2@gmail.com","timestamp":"2025-12-10 20:28:52"}
{"level":"info","message":"Solicitudes listadas correctamente.","timestamp":"2025-12-10 20:28:52"}
{"level":"info","message":"Login exitoso: usuario carlos2@gmail.com","timestamp":"2025-12-10 20:29:16"}
{"level":"info","message":"Sesión validada correctamente: carlos2@gmail.com","timestamp":"2025-12-10 20:29:16"}
{"level":"info","message":"Sesión validada correctamente: carlos2@gmail.com","timestamp":"2025-12-10 20:29:16"}
{"level":"info","message":"Solicitudes listadas correctamente.","timestamp":"2025-12-10 20:29:17"}
{"level":"info","message":"Sesión validada correctamente: carlos2@gmail.com","timestamp":"2025-12-10 20:31:00"}
{"level":"info","message":"Sesión validada correctamente: carlos2@gmail.com","timestamp":"2025-12-10 20:31:01"}
{"level":"info","message":"Solicitudes listadas correctamente.","timestamp":"2025-12-10 20:31:01"}
{"level":"info","message":"Login exitoso: usuario carlos2@gmail.com","timestamp":"2025-12-10 20:38:47"}
{"level":"info","message":"Solicitudes listadas correctamente.","timestamp":"2025-12-10 20:38:48"}
{"level":"info","message":"Login exitoso: usuario carlos.manuel@gmail.com","timestamp":"2025-12-10 20:45:33"}
{"level":"info","message":"Solicitudes listadas correctamente.","timestamp":"2025-12-10 20:45:34"}
{"level":"info","message":"Solicitudes listadas correctamente.","timestamp":"2025-12-10 20:46:25"}
{"level":"info","message":"Login exitoso: usuario carlos2@gmail.com","timestamp":"2025-12-10 20:47:39"}
{"level":"info","message":"Solicitudes listadas correctamente.","timestamp":"2025-12-10 20:47:39"}
{"level":"info","message":"Login exitoso: usuario carlos.manuel@gmail.com","timestamp":"2025-12-10 20:47:55"}
{"level":"info","message":"Solicitudes listadas correctamente.","timestamp":"2025-12-10 20:47:55"}
{"level":"info","message":"Solicitudes listadas correctamente.","timestamp":"2025-12-10 20:50:04"}
{"level":"info","message":"Solicitudes listadas correctamente.","timestamp":"2025-12-10 20:51:08"}
{"level":"warn","message":"Contraseña incorrecta para: carlos2@gmail.com","timestamp":"2025-12-10 20:52:17"}
{"level":"info","message":"Login exitoso: usuario carlos2@gmail.com","timestamp":"2025-12-10 20:52:21"}
{"level":"info","message":"Solicitudes listadas correctamente.","timestamp":"2025-12-10 20:52:22"}
{"level":"warn","message":"Contraseña incorrecta para: carlos2@gmail.com","timestamp":"2025-12-10 20:54:36"}
{"level":"info","message":"Login exitoso: usuario carlos2@gmail.com","timestamp":"2025-12-10 20:54:45"}
{"level":"info","message":"Solicitudes listadas correctamente.","timestamp":"2025-12-10 20:54:46"}
{"level":"info","message":"Solicitudes listadas correctamente.","timestamp":"2025-12-10 21:17:05"}
{"level":"info","message":"Solicitudes listadas correctamente.","timestamp":"2025-12-10 21:17:19"}
{"level":"info","message":"Solicitudes listadas correctamente.","timestamp":"2025-12-10 21:22:44"}
{"level":"info","message":"Login exitoso: usuario carlos2@gmail.com","timestamp":"2025-12-10 21:23:09"}
{"level":"info","message":"Solicitudes listadas correctamente.","timestamp":"2025-12-10 21:23:09"}
{"level":"info","message":"Solicitudes listadas correctamente.","timestamp":"2025-12-10 21:23:29"}
{"level":"info","message":"Login exitoso: usuario carlos.manuel@gmail.com","timestamp":"2025-12-10 21:28:00"}
{"level":"info","message":"Solicitudes listadas correctamente.","timestamp":"2025-12-10 21:28:01"}
{"level":"info","message":"Solicitud creada por el usuario 1","timestamp":"2025-12-10 21:28:26"}
{"level":"info","message":"Solicitudes listadas correctamente.","timestamp":"2025-12-10 21:28:26"}
{"level":"info","message":"Login exitoso: usuario carlos2@gmail.com","timestamp":"2025-12-10 21:28:37"}
{"level":"info","message":"Solicitudes listadas correctamente.","timestamp":"2025-12-10 21:28:38"}
{"level":"error","message":"Error GET /api/admin: No autenticado","timestamp":"2025-12-10 21:31:46"}
{"level":"error","message":"Error GET /api/admin: No autenticado","timestamp":"2025-12-10 21:32:04"}
{"level":"error","message":"Error GET /api/admin: No autenticado","timestamp":"2025-12-10 21:32:06"}
{"level":"error","message":"Error GET /api/admin: No autenticado","timestamp":"2025-12-10 21:32:12"}
{"level":"error","message":"Error GET /api/admin: No autenticado","timestamp":"2025-12-10 21:41:02"}
{"level":"error","message":"Error GET /api/admin: No autenticado","timestamp":"2025-12-10 21:47:24"}
{"level":"error","message":"Error GET /api/admin: No autenticado","timestamp":"2025-12-10 21:47:31"}
{"level":"error","message":"Error GET /api/admin: No autenticado","timestamp":"2025-12-10 21:47:42"}
{"level":"info","message":"Solicitudes listadas correctamente.","timestamp":"2025-12-10 21:47:43"}
{"level":"info","message":"Solicitudes listadas correctamente.","timestamp":"2025-12-10 21:48:09"}
{"level":"error","message":"Error GET /api/admin: No autenticado","timestamp":"2025-12-10 21:48:12"}
{"level":"error","message":"Error GET /api/admin: No autenticado","timestamp":"2025-12-10 21:49:01"}
{"level":"error","message":"Error GET /api/admin: No autenticado","timestamp":"2025-12-10 21:50:40"}
{"level":"info","message":"Solicitudes listadas correctamente.","timestamp":"2025-12-10 21:50:47"}
{"level":"error","message":"Error GET /api/admin: No autenticado","timestamp":"2025-12-10 21:50:47"}
{"level":"info","message":"Solicitudes listadas correctamente.","timestamp":"2025-12-10 21:50:48"}
{"level":"error","message":"Error GET /api/admin: No autenticado","timestamp":"2025-12-10 21:50:49"}
{"level":"error","message":"Error GET /api/admin: No autenticado","timestamp":"2025-12-10 21:51:27"}
{"level":"error","message":"Error GET /api/admin: No autenticado","timestamp":"2025-12-10 21:51:49"}
{"level":"error","message":"Error GET /api/admin: No autenticado","timestamp":"2025-12-10 21:54:15"}
{"level":"info","message":"Usuario carlos2@gmail.com promovió a carlos.manuel@gmail.com a rol ADMIN","timestamp":"2025-12-10 22:02:09"}
{"level":"info","message":"ADMIN carlos2@gmail.com degradó a carlos.manuel@gmail.com a USUARIO","timestamp":"2025-12-10 22:12:20"}
{"level":"info","message":"ADMIN carlos2@gmail.com promovió a carlos.manuel@gmail.com a ADMIN","timestamp":"2025-12-10 22:12:22"}
{"level":"info","message":"ADMIN carlos2@gmail.com degradó a carlos.manuel@gmail.com a USUARIO","timestamp":"2025-12-10 22:12:27"}
{"level":"info","message":"ADMIN carlos2@gmail.com promovió a carlos.manuel@gmail.com a ADMIN","timestamp":"2025-12-10 22:12:29"}
{"level":"info","message":"Solicitudes listadas correctamente por carlos2@gmail.com (ADMIN)","timestamp":"2025-12-10 22:17:18"}
{"level":"info","message":"ADMIN carlos2@gmail.com actualizó solicitud 1 → APROBADO","timestamp":"2025-12-10 22:17:29"}
{"level":"info","message":"Solicitudes listadas correctamente por carlos2@gmail.com (ADMIN)","timestamp":"2025-12-10 22:17:30"}
{"level":"info","message":"ADMIN carlos2@gmail.com actualizó solicitud 2 → RECHAZADO","timestamp":"2025-12-10 22:17:45"}
{"level":"info","message":"Solicitudes listadas correctamente por carlos2@gmail.com (ADMIN)","timestamp":"2025-12-10 22:17:46"}
{"level":"info","message":"ADMIN carlos2@gmail.com eliminó la solicitud 2","timestamp":"2025-12-10 22:18:09"}
{"level":"info","message":"Solicitudes listadas correctamente por carlos2@gmail.com (ADMIN)","timestamp":"2025-12-10 22:18:10"}
{"level":"info","message":"ADMIN carlos2@gmail.com degradó a carlos.manuel@gmail.com a USUARIO","timestamp":"2025-12-10 22:18:23"}
{"level":"info","message":"Login exitoso: usuario carlos.manuel@gmail.com","timestamp":"2025-12-10 22:18:40"}
{"level":"info","message":"Solicitudes listadas correctamente por carlos.manuel@gmail.com (USUARIO)","timestamp":"2025-12-10 22:18:41"}
{"level":"info","message":"Solicitudes listadas correctamente por carlos.manuel@gmail.com (USUARIO)","timestamp":"2025-12-11 00:48:42"}
{"level":"info","message":"Solicitud creada por el usuario 1","timestamp":"2025-12-11 00:49:17"}
{"level":"info","message":"Solicitudes listadas correctamente por carlos.manuel@gmail.com (USUARIO)","timestamp":"2025-12-11 00:49:17"}
{"level":"info","message":"Solicitudes listadas correctamente por carlos.manuel@gmail.com (USUARIO)","timestamp":"2025-12-11 00:49:31"}
{"level":"info","message":"Solicitudes listadas correctamente por carlos.manuel@gmail.com (USUARIO)","timestamp":"2025-12-11 00:49:34"}
